\BOOKMARK [1][-]{section.1}{Introduction}{}% 1
\BOOKMARK [1][-]{section.2}{Methodology}{}% 2
\BOOKMARK [2][-]{subsection.2.1}{Network design}{section.2}% 3
\BOOKMARK [3][-]{subsubsection.2.1.1}{Feature Extractor Module}{subsection.2.1}% 4
\BOOKMARK [3][-]{subsubsection.2.1.2}{Hash Decoder Module}{subsection.2.1}% 5
\BOOKMARK [3][-]{subsubsection.2.1.3}{Classifier Module}{subsection.2.1}% 6
\BOOKMARK [3][-]{subsubsection.2.1.4}{Regression module}{subsection.2.1}% 7
\BOOKMARK [2][-]{subsection.2.2}{Transfer learning}{section.2}% 8
\BOOKMARK [1][-]{section.3}{Data}{}% 9
\BOOKMARK [2][-]{subsection.3.1}{DDSM}{section.3}% 10
\BOOKMARK [2][-]{subsection.3.2}{Augmentation}{section.3}% 11
\BOOKMARK [1][-]{section.4}{Experiments}{}% 12
\BOOKMARK [2][-]{subsection.4.1}{Training strategies}{section.4}% 13
\BOOKMARK [2][-]{subsection.4.2}{Results}{section.4}% 14
\BOOKMARK [2][-]{subsection.4.3}{Statistical analysis of fusion method}{section.4}% 15
\BOOKMARK [2][-]{subsection.4.4}{Analysis the hash decoder}{section.4}% 16
\BOOKMARK [2][-]{subsection.4.5}{Comparing to the single classifier}{section.4}% 17
\BOOKMARK [2][-]{subsection.4.6}{Comparing to single network methods}{section.4}% 18
\BOOKMARK [2][-]{subsection.4.7}{Comparing different network fusion methods}{section.4}% 19
\BOOKMARK [2][-]{subsection.4.8}{Comparing other object detection methods}{section.4}% 20
\BOOKMARK [1][-]{section.5}{Conclusion}{}% 21
\BOOKMARK [1][-]{section.6}{Acknowledgements}{}% 22
\BOOKMARK [1][-]{section*.1}{References}{}% 23
